<?xml version="1.0" encoding="UTF-8"?>
<!-- Generated by org.testng.reporters.JUnitReportReporter -->
<testsuite hostname="LAPTOP-DUIBVCQL" failures="0" tests="1" name="DailyPractice.SeleniumDay01Challenge" time="47.391" errors="0" timestamp="2025-05-17T23:32:40 IST" skipped="0">
  <testcase classname="DailyPractice.SeleniumDay01Challenge" name="test" time="47.391"/>
  <system-out/>
</testsuite> <!-- DailyPractice.SeleniumDay01Challenge -->
