<?xml version="1.0" encoding="UTF-8"?>
<!-- Generated by org.testng.reporters.JUnitReportReporter -->
<testsuite hostname="LAPTOP-DUIBVCQL" failures="0" tests="1" name="Xpath_Script" time="7.598" errors="0" timestamp="2025-05-19T01:12:29 IST" skipped="0">
  <testcase classname="Xpath_Script" name="Test11" time="7.598"/>
  <system-out/>
</testsuite> <!-- Xpath_Script -->
