<?xml version="1.0" encoding="UTF-8"?>
<!-- Generated by org.testng.reporters.JUnitReportReporter -->
<testsuite hostname="LAPTOP-DUIBVCQL" failures="0" tests="1" name="WebDriverMethods" time="10.317" errors="0" timestamp="2025-04-05T01:05:35 IST" skipped="0">
  <testcase classname="WebDriverMethods" name="day3" time="10.317"/>
  <system-out/>
</testsuite> <!-- WebDriverMethods -->
