<?xml version="1.0" encoding="UTF-8"?>
<!-- Generated by org.testng.reporters.JUnitReportReporter -->
<testsuite hostname="LAPTOP-DUIBVCQL" failures="0" tests="1" name="DailyPractice.Day02Challenge" time="17.363" errors="0" timestamp="2025-05-18T12:18:38 IST" skipped="0">
  <testcase classname="DailyPractice.Day02Challenge" name="main" time="17.363"/>
  <system-out/>
</testsuite> <!-- DailyPractice.Day02Challenge -->
